<?xml version="1.0" encoding="UTF-8"?>
<!-- Generated by org.testng.reporters.JUnitReportReporter -->
<testsuite hostname="DESKTOP-9MCKVCH" failures="0" tests="1" name="tests.NewTest" time="0.003" errors="0" timestamp="2020-06-19T01:29:11 PKT" skipped="0">
  <testcase classname="tests.NewTest" name="newtest" time="0.003"/>
</testsuite> <!-- tests.NewTest -->
