<?xml version="1.0" encoding="UTF-8"?>
<!-- Generated by org.testng.reporters.JUnitReportReporter -->
<testsuite hostname="DESKTOP-9MCKVCH" failures="0" tests="1" name="tests.NewTests" time="61.081" errors="0" timestamp="2020-06-19T01:29:11 PKT" skipped="0">
  <testcase classname="tests.NewTests" name="openMyBlog" time="61.081"/>
</testsuite> <!-- tests.NewTests -->
