<?xml version="1.0" encoding="UTF-8"?>
<!-- Generated by org.testng.reporters.JUnitReportReporter -->
<testsuite hostname="DESKTOP-9MCKVCH" failures="0" tests="1" name="tests.NewTests" time="38.666" errors="0" timestamp="2020-05-23T23:41:29 PKT" skipped="0">
  <testcase classname="tests.NewTests" name="openMyBlog" time="38.666"/>
</testsuite> <!-- tests.NewTests -->
