<?xml version="1.0" encoding="UTF-8"?>
<!-- Generated by org.testng.reporters.JUnitReportReporter -->
<testsuite hostname="DESKTOP-9MCKVCH" failures="0" tests="1" name="tests.NewTest" time="0.033" errors="0" timestamp="2020-05-23T23:36:55 PKT" skipped="0">
  <testcase classname="tests.NewTest" name="newtest" time="0.033"/>
</testsuite> <!-- tests.NewTest -->
